IVADOMED TOOLBOX
----------------
(2.8.0)


DATASET VERSION
---------------
The following BIDS dataset(s) were used for training.
1. C:/Users/harsh/ivadomed/data_example_spinegeneric - Dataset Annex version: 6f9c3ed2d9b6a3166b3be51654cf8fca26fcfade*


SYSTEM INFO
-------------
OS: windows (Windows-10-10.0.19043-SP0)
CPU cores: Available: 8




CONFIG INPUTS
-------------
command: train
gpu_ids: [0]
path_output: C:/Users/harsh/ivadomed/data_example_spinegeneric
model_name: seg_tumor_t2_t1
debugging: False
log_file: log
object_detection_params: {'object_detection_path': None, 'safety_factor': [1.0, 1.0, 1.0]}
loader_parameters: {'path_data': ['C:/Users/harsh/ivadomed/data_example_spinegeneric'], 'subject_selection': {'n': [], 'metadata': [], 'value': []}, 'target_suffix': ['_seg'], 'extensions': ['.nii.gz'], 'roi_params': {'suffix': None, 'slice_filter_roi': None}, 'contrast_params': {'training_validation': ['T2w', 'T1w'], 'testing': ['T2w', 'T1w'], 'balance': {}}, 'slice_filter_params': {'filter_empty_mask': True, 'filter_empty_input': True}, 'slice_axis': 'sagittal', 'multichannel': False, 'soft_gt': False, 'is_input_dropout': False}
split_dataset: {'fname_split': None, 'random_seed': 6, 'split_method': 'participant_id', 'data_testing': {'data_type': None, 'data_value': []}, 'balance': None, 'train_fraction': 0.6, 'test_fraction': 0.2}
training_parameters: {'batch_size': 18, 'loss': {'name': 'DiceLoss'}, 'training_time': {'num_epochs': 5, 'early_stopping_patience': 50, 'early_stopping_epsilon': 0.001}, 'scheduler': {'initial_lr': 0.001, 'lr_scheduler': {'name': 'CosineAnnealingLR', 'base_lr': 1e-05, 'max_lr': 0.01}}, 'balance_samples': {'applied': False, 'type': 'gt'}, 'mixup_alpha': None, 'transfer_learning': {'retrain_model': None, 'retrain_fraction': 1.0, 'reset': True}}
default_model: {'name': 'Unet', 'dropout_rate': 0.3, 'bn_momentum': 0.9, 'depth': 2, 'is_2d': True}
uncertainty: {'epistemic': False, 'aleatoric': False, 'n_it': 0}
postprocessing: {'remove_noise': {'thr': -1}, 'binarize_prediction': {'thr': 0.5}, 'remove_small': {'unit': 'vox', 'thr': 3}, 'uncertainty': {'thr': -1, 'suffix': '_unc-vox.nii.gz'}}
evaluation_parameters: {'target_size': {'unit': 'vox', 'thr': [20, 100]}, 'overlap': {'unit': 'vox', 'thr': 3}}
transformation: {'Resample': {'hspace': 0.75, 'wspace': 0.75, 'dspace': 1}, 'CenterCrop': {'size': [128, 128]}, 'RandomAffine': {'translate': [0.03, 0.03], 'applied_to': ['im', 'gt'], 'dataset_type': ['training']}, 'NormalizeInstance': {'applied_to': ['im']}}
HeMISUnet: {'name': 'HeMISUnet', 'applied': True, 'missing_probability': 1e-05, 'missing_probability_growth': 0.9}
Modified3DUNet: {'applied': False, 'length_3D': [256, 128, 16], 'padding_3D': 0, 'attention': False, 'n_filters': 1}
